<?xml version="1.0" encoding="UTF-8"?>
<!-- Generated by org.testng.reporters.JUnitReportReporter -->
<testsuite skipped="0" hostname="Admin-PC" name="com.qa.enerlog.testcase.LoginTest" tests="3" failures="0" timestamp="15 Dec 2018 09:46:06 GMT" time="32.247" errors="0">
  <testcase name="loginTestCases" time="10.635" classname="com.qa.enerlog.testcase.LoginTest"/>
  <testcase name="loginTestCases" time="10.150" classname="com.qa.enerlog.testcase.LoginTest"/>
  <testcase name="loginTestCases" time="11.462" classname="com.qa.enerlog.testcase.LoginTest"/>
</testsuite> <!-- com.qa.enerlog.testcase.LoginTest -->
